<?xml version="1.0" encoding="UTF-8"?>
<testng-results ignored="0" total="1" passed="1" failed="0" skipped="0">
  <reporter-output>
  </reporter-output>
  <suite started-at="2023-12-23T11:21:33 IST" name="Default suite" finished-at="2023-12-23T11:22:48 IST" duration-ms="75314">
    <groups>
    </groups>
    <test started-at="2023-12-23T11:21:33 IST" name="Default test" finished-at="2023-12-23T11:22:48 IST" duration-ms="75314">
      <class name="Com.Mvn.Maven_Assignment_AutoFMQuiz.Q1Datadriven">
        <test-method signature="test()[pri:0, instance:Com.Mvn.Maven_Assignment_AutoFMQuiz.Q1Datadriven@692f203f]" started-at="2023-12-23T11:21:33 IST" name="test" finished-at="2023-12-23T11:22:48 IST" duration-ms="75250" status="PASS">
          <reporter-output>
          </reporter-output>
        </test-method> <!-- test -->
      </class> <!-- Com.Mvn.Maven_Assignment_AutoFMQuiz.Q1Datadriven -->
    </test> <!-- Default test -->
  </suite> <!-- Default suite -->
</testng-results>
